<?xml version="1.0" encoding="UTF-8"?>
<testsuite xmlns:xsi="http://www.w3.org/2001/XMLSchema-instance" xsi:noNamespaceSchemaLocation="https://maven.apache.org/surefire/maven-surefire-plugin/xsd/surefire-test-report.xsd" name="it.isislab.p2p.chat.AppTest" time="0.006" tests="1" errors="0" skipped="0" failures="0">
  <properties>
    <property name="java.specification.version" value="14"/>
    <property name="sun.management.compiler" value="HotSpot 64-Bit Tiered Compilers"/>
    <property name="sun.jnu.encoding" value="UTF-8"/>
    <property name="java.runtime.version" value="14.0.2+12-Ubuntu-120.04"/>
    <property name="java.class.path" value="/home/peppe/myspace/giuseppedipalma_adc_2020/target/test-classes:/home/peppe/myspace/giuseppedipalma_adc_2020/target/classes:/home/peppe/.m2/repository/net/tomp2p/tomp2p-all/5.0-Beta8/tomp2p-all-5.0-Beta8.jar:/home/peppe/.m2/repository/net/tomp2p/tomp2p-core/5.0-Beta8/tomp2p-core-5.0-Beta8.jar:/home/peppe/.m2/repository/io/netty/netty-transport/4.0.28.Final/netty-transport-4.0.28.Final.jar:/home/peppe/.m2/repository/io/netty/netty-buffer/4.0.28.Final/netty-buffer-4.0.28.Final.jar:/home/peppe/.m2/repository/io/netty/netty-common/4.0.28.Final/netty-common-4.0.28.Final.jar:/home/peppe/.m2/repository/net/tomp2p/tomp2p-nat/5.0-Beta8/tomp2p-nat-5.0-Beta8.jar:/home/peppe/.m2/repository/org/bitlet/weupnp/0.1.2/weupnp-0.1.2.jar:/home/peppe/.m2/repository/com/ganyo/gcm-server/1.0.2/gcm-server-1.0.2.jar:/home/peppe/.m2/repository/com/googlecode/json-simple/json-simple/1.1/json-simple-1.1.jar:/home/peppe/.m2/repository/net/tomp2p/tomp2p-android/5.0-Beta8/tomp2p-android-5.0-Beta8.jar:/home/peppe/.m2/repository/net/tomp2p/tomp2p-replication/5.0-Beta8/tomp2p-replication-5.0-Beta8.jar:/home/peppe/.m2/repository/net/tomp2p/tomp2p-storage/5.0-Beta8/tomp2p-storage-5.0-Beta8.jar:/home/peppe/.m2/repository/org/mapdb/mapdb/1.0.6/mapdb-1.0.6.jar:/home/peppe/.m2/repository/net/tomp2p/tomp2p-dht/5.0-Beta8/tomp2p-dht-5.0-Beta8.jar:/home/peppe/.m2/repository/net/tomp2p/tomp2p-tracker/5.0-Beta8/tomp2p-tracker-5.0-Beta8.jar:/home/peppe/.m2/repository/org/slf4j/slf4j-api/1.7.5/slf4j-api-1.7.5.jar:/home/peppe/.m2/repository/org/junit/jupiter/junit-jupiter-engine/5.5.2/junit-jupiter-engine-5.5.2.jar:/home/peppe/.m2/repository/org/apiguardian/apiguardian-api/1.1.0/apiguardian-api-1.1.0.jar:/home/peppe/.m2/repository/org/junit/platform/junit-platform-engine/1.5.2/junit-platform-engine-1.5.2.jar:/home/peppe/.m2/repository/org/opentest4j/opentest4j/1.2.0/opentest4j-1.2.0.jar:/home/peppe/.m2/repository/org/junit/platform/junit-platform-commons/1.5.2/junit-platform-commons-1.5.2.jar:/home/peppe/.m2/repository/org/junit/jupiter/junit-jupiter-api/5.5.2/junit-jupiter-api-5.5.2.jar:/home/peppe/.m2/repository/args4j/args4j/2.33/args4j-2.33.jar:/home/peppe/.m2/repository/org/beryx/text-io/3.3.0/text-io-3.3.0.jar:/home/peppe/.m2/repository/jline/jline/2.14.5/jline-2.14.5.jar:/home/peppe/.m2/repository/org/beryx/awt-color-factory/1.0.0/awt-color-factory-1.0.0.jar:"/>
    <property name="user.name" value="peppe"/>
    <property name="java.vm.vendor" value="Private Build"/>
    <property name="path.separator" value=":"/>
    <property name="sun.arch.data.model" value="64"/>
    <property name="os.version" value="4.19.128-microsoft-standard"/>
    <property name="java.runtime.name" value="OpenJDK Runtime Environment"/>
    <property name="file.encoding" value="UTF-8"/>
    <property name="java.vendor.url" value="Unknown"/>
    <property name="java.vm.name" value="OpenJDK 64-Bit Server VM"/>
    <property name="java.vm.specification.version" value="14"/>
    <property name="os.name" value="Linux"/>
    <property name="sun.java.launcher" value="SUN_STANDARD"/>
    <property name="localRepository" value="/home/peppe/.m2/repository"/>
    <property name="sun.boot.library.path" value="/usr/lib/jvm/java-14-openjdk-amd64/lib"/>
    <property name="sun.java.command" value="/home/peppe/myspace/giuseppedipalma_adc_2020/target/surefire/surefirebooter6726953326353462103.jar /home/peppe/myspace/giuseppedipalma_adc_2020/target/surefire 2021-12-21T18-14-54_317-jvmRun1 surefire12970558743358777271tmp surefire_011713936210713558063tmp"/>
    <property name="java.vendor.url.bug" value="Unknown"/>
    <property name="java.io.tmpdir" value="/tmp"/>
    <property name="jdk.debug" value="release"/>
    <property name="surefire.test.class.path" value="/home/peppe/myspace/giuseppedipalma_adc_2020/target/test-classes:/home/peppe/myspace/giuseppedipalma_adc_2020/target/classes:/home/peppe/.m2/repository/net/tomp2p/tomp2p-all/5.0-Beta8/tomp2p-all-5.0-Beta8.jar:/home/peppe/.m2/repository/net/tomp2p/tomp2p-core/5.0-Beta8/tomp2p-core-5.0-Beta8.jar:/home/peppe/.m2/repository/io/netty/netty-transport/4.0.28.Final/netty-transport-4.0.28.Final.jar:/home/peppe/.m2/repository/io/netty/netty-buffer/4.0.28.Final/netty-buffer-4.0.28.Final.jar:/home/peppe/.m2/repository/io/netty/netty-common/4.0.28.Final/netty-common-4.0.28.Final.jar:/home/peppe/.m2/repository/net/tomp2p/tomp2p-nat/5.0-Beta8/tomp2p-nat-5.0-Beta8.jar:/home/peppe/.m2/repository/org/bitlet/weupnp/0.1.2/weupnp-0.1.2.jar:/home/peppe/.m2/repository/com/ganyo/gcm-server/1.0.2/gcm-server-1.0.2.jar:/home/peppe/.m2/repository/com/googlecode/json-simple/json-simple/1.1/json-simple-1.1.jar:/home/peppe/.m2/repository/net/tomp2p/tomp2p-android/5.0-Beta8/tomp2p-android-5.0-Beta8.jar:/home/peppe/.m2/repository/net/tomp2p/tomp2p-replication/5.0-Beta8/tomp2p-replication-5.0-Beta8.jar:/home/peppe/.m2/repository/net/tomp2p/tomp2p-storage/5.0-Beta8/tomp2p-storage-5.0-Beta8.jar:/home/peppe/.m2/repository/org/mapdb/mapdb/1.0.6/mapdb-1.0.6.jar:/home/peppe/.m2/repository/net/tomp2p/tomp2p-dht/5.0-Beta8/tomp2p-dht-5.0-Beta8.jar:/home/peppe/.m2/repository/net/tomp2p/tomp2p-tracker/5.0-Beta8/tomp2p-tracker-5.0-Beta8.jar:/home/peppe/.m2/repository/org/slf4j/slf4j-api/1.7.5/slf4j-api-1.7.5.jar:/home/peppe/.m2/repository/org/junit/jupiter/junit-jupiter-engine/5.5.2/junit-jupiter-engine-5.5.2.jar:/home/peppe/.m2/repository/org/apiguardian/apiguardian-api/1.1.0/apiguardian-api-1.1.0.jar:/home/peppe/.m2/repository/org/junit/platform/junit-platform-engine/1.5.2/junit-platform-engine-1.5.2.jar:/home/peppe/.m2/repository/org/opentest4j/opentest4j/1.2.0/opentest4j-1.2.0.jar:/home/peppe/.m2/repository/org/junit/platform/junit-platform-commons/1.5.2/junit-platform-commons-1.5.2.jar:/home/peppe/.m2/repository/org/junit/jupiter/junit-jupiter-api/5.5.2/junit-jupiter-api-5.5.2.jar:/home/peppe/.m2/repository/args4j/args4j/2.33/args4j-2.33.jar:/home/peppe/.m2/repository/org/beryx/text-io/3.3.0/text-io-3.3.0.jar:/home/peppe/.m2/repository/jline/jline/2.14.5/jline-2.14.5.jar:/home/peppe/.m2/repository/org/beryx/awt-color-factory/1.0.0/awt-color-factory-1.0.0.jar:"/>
    <property name="sun.cpu.endian" value="little"/>
    <property name="java.version" value="14.0.2"/>
    <property name="user.home" value="/home/peppe"/>
    <property name="user.dir" value="/home/peppe/myspace/giuseppedipalma_adc_2020"/>
    <property name="os.arch" value="amd64"/>
    <property name="user.language" value="en"/>
    <property name="java.specification.vendor" value="Oracle Corporation"/>
    <property name="java.vm.specification.name" value="Java Virtual Machine Specification"/>
    <property name="java.version.date" value="2020-07-14"/>
    <property name="java.home" value="/usr/lib/jvm/java-14-openjdk-amd64"/>
    <property name="file.separator" value="/"/>
    <property name="basedir" value="/home/peppe/myspace/giuseppedipalma_adc_2020"/>
    <property name="java.vm.compressedOopsMode" value="Zero based"/>
    <property name="line.separator" value="&#10;"/>
    <property name="java.library.path" value="/usr/java/packages/lib:/usr/lib/x86_64-linux-gnu/jni:/lib/x86_64-linux-gnu:/usr/lib/x86_64-linux-gnu:/usr/lib/jni:/lib:/usr/lib"/>
    <property name="java.vm.info" value="mixed mode, sharing"/>
    <property name="java.vm.specification.vendor" value="Oracle Corporation"/>
    <property name="java.specification.name" value="Java Platform API Specification"/>
    <property name="java.vendor" value="Private Build"/>
    <property name="java.vm.version" value="14.0.2+12-Ubuntu-120.04"/>
    <property name="sun.io.unicode.encoding" value="UnicodeLittle"/>
    <property name="java.class.version" value="58.0"/>
    <property name="surefire.real.class.path" value="/home/peppe/myspace/giuseppedipalma_adc_2020/target/surefire/surefirebooter6726953326353462103.jar"/>
  </properties>
  <testcase name="shouldAnswerWithTrue" classname="it.isislab.p2p.chat.AppTest" time="0.002"/>
</testsuite>